<?xml version="1.0" encoding="UTF-8"?>
<testng-results ignored="0" total="0" passed="0" failed="0" skipped="0">
  <reporter-output>
  </reporter-output>
  <suite started-at="2021-05-22T23:46:04 IST" name="Default suite" finished-at="2021-05-22T23:46:04 IST" duration-ms="514">
    <groups>
      <group name="cucumber">
        <method signature="AbstractTestNGCucumberTests.runScenario(io.cucumber.testng.PickleWrapper,io.cucumber.testng.FeatureWrapper)[pri:0, instance:testRunners.MyTestRunner@1ed4ae0f]" name="runScenario" class="io.cucumber.testng.AbstractTestNGCucumberTests"/>
      </group> <!-- cucumber -->
    </groups>
    <test started-at="2021-05-22T23:46:04 IST" name="Default test" finished-at="2021-05-22T23:46:04 IST" duration-ms="514">
      <class name="testRunners.MyTestRunner">
        <test-method is-config="true" signature="setUpClass()[pri:0, instance:testRunners.MyTestRunner@1ed4ae0f]" started-at="2021-05-22T23:46:04 IST" name="setUpClass" finished-at="2021-05-22T23:46:04 IST" duration-ms="426" status="PASS">
          <reporter-output>
          </reporter-output>
        </test-method> <!-- setUpClass -->
        <test-method is-config="true" signature="tearDownClass()[pri:0, instance:testRunners.MyTestRunner@1ed4ae0f]" started-at="2021-05-22T23:46:04 IST" name="tearDownClass" finished-at="2021-05-22T23:46:04 IST" duration-ms="22" status="PASS">
          <reporter-output>
          </reporter-output>
        </test-method> <!-- tearDownClass -->
      </class> <!-- testRunners.MyTestRunner -->
    </test> <!-- Default test -->
  </suite> <!-- Default suite -->
</testng-results>
