<?xml version="1.0" encoding="UTF-8"?>
<!-- Generated by org.testng.reporters.JUnitXMLReporter -->
<testsuite ignored="0" hostname="DESKTOP-TRVF0FB" failures="0" tests="0" name="LoginTest" time="0.045" errors="0" timestamp="20 May 2021 22:16:51 GMT">
  <testcase classname="cucumber.api.testng.AbstractTestNGCucumberTests" name="@BeforeClass setUpClass" time="0.013">
    <failure type="java.lang.NoClassDefFoundError" message="cucumber/runtime/io/ResourceLoader">
      <![CDATA[java.lang.NoClassDefFoundError: cucumber/runtime/io/ResourceLoader
at cucumber.api.testng.TestNGCucumberRunner.<init>(TestNGCucumberRunner.java:20)
at cucumber.api.testng.AbstractTestNGCucumberTests.setUpClass(AbstractTestNGCucumberTests.java:21)
Caused by: java.lang.ClassNotFoundException: cucumber.runtime.io.ResourceLoader
at java.base/jdk.internal.loader.BuiltinClassLoader.loadClass(BuiltinClassLoader.java:606)
at java.base/jdk.internal.loader.ClassLoaders$AppClassLoader.loadClass(ClassLoaders.java:168)
at java.base/java.lang.ClassLoader.loadClass(ClassLoader.java:522)
... 28 more
... Removed 26 stack frames]]>
    </failure>
  </testcase> <!-- @BeforeClass setUpClass -->
</testsuite> <!-- LoginTest -->
